<?xml version="1.0" encoding="UTF-8"?>
<!-- Generated by org.testng.reporters.JUnitReportReporter -->
<testsuite hostname="DESKTOP-JKDSCPI" failures="0" tests="1" name="com.ebankingtest.TC_LoginTest_001" time="12.773" errors="0" timestamp="12 Apr 2021 20:34:46 GMT" skipped="0">
  <testcase classname="com.ebankingtest.TC_LoginTest_001" name="loginTest" time="12.773"/>
</testsuite> <!-- com.ebankingtest.TC_LoginTest_001 -->
